{"level":"info","time":"2021-12-22T09:56:14.489+0800","linenum":"/Users/bigboss/code/go-gin-demo/pkg/gredis/redis.go:54","msg":"Redis Ping","serviceName":"go-gin-demo","ping":"","error":"dial tcp: address xxxxxxx: missing port in address"}
{"level":"info","time":"2021-12-22T09:56:15.000+0800","linenum":"/Users/bigboss/code/go-gin-demo/cron/cron.go:24","msg":"Run models.CleanAllArticle...","serviceName":"go-gin-demo"}
{"level":"info","time":"2021-12-22T09:56:15.001+0800","linenum":"/Users/bigboss/code/go-gin-demo/cron/cron.go:20","msg":"Run models.CleanAllTag...","serviceName":"go-gin-demo"}
{"level":"info","time":"2021-12-22T09:56:16.000+0800","linenum":"/Users/bigboss/code/go-gin-demo/cron/cron.go:20","msg":"Run models.CleanAllTag...","serviceName":"go-gin-demo"}
{"level":"info","time":"2021-12-22T09:56:16.000+0800","linenum":"/Users/bigboss/code/go-gin-demo/cron/cron.go:24","msg":"Run models.CleanAllArticle...","serviceName":"go-gin-demo"}
{"level":"info","time":"2021-12-22T09:56:17.000+0800","linenum":"/Users/bigboss/code/go-gin-demo/cron/cron.go:24","msg":"Run models.CleanAllArticle...","serviceName":"go-gin-demo"}
{"level":"info","time":"2021-12-22T09:56:17.000+0800","linenum":"/Users/bigboss/code/go-gin-demo/cron/cron.go:20","msg":"Run models.CleanAllTag...","serviceName":"go-gin-demo"}
{"level":"info","time":"2021-12-22T09:56:18.001+0800","linenum":"/Users/bigboss/code/go-gin-demo/cron/cron.go:24","msg":"Run models.CleanAllArticle...","serviceName":"go-gin-demo"}
{"level":"info","time":"2021-12-22T09:56:18.001+0800","linenum":"/Users/bigboss/code/go-gin-demo/cron/cron.go:20","msg":"Run models.CleanAllTag...","serviceName":"go-gin-demo"}
{"level":"info","time":"2021-12-22T09:56:19.001+0800","linenum":"/Users/bigboss/code/go-gin-demo/cron/cron.go:24","msg":"Run models.CleanAllArticle...","serviceName":"go-gin-demo"}
{"level":"info","time":"2021-12-22T09:56:19.001+0800","linenum":"/Users/bigboss/code/go-gin-demo/cron/cron.go:20","msg":"Run models.CleanAllTag...","serviceName":"go-gin-demo"}
{"level":"info","time":"2021-12-22T09:56:20.001+0800","linenum":"/Users/bigboss/code/go-gin-demo/cron/cron.go:20","msg":"Run models.CleanAllTag...","serviceName":"go-gin-demo"}
{"level":"info","time":"2021-12-22T09:56:20.001+0800","linenum":"/Users/bigboss/code/go-gin-demo/cron/cron.go:24","msg":"Run models.CleanAllArticle...","serviceName":"go-gin-demo"}
{"level":"info","time":"2021-12-22T09:56:21.000+0800","linenum":"/Users/bigboss/code/go-gin-demo/cron/cron.go:24","msg":"Run models.CleanAllArticle...","serviceName":"go-gin-demo"}
{"level":"info","time":"2021-12-22T09:56:21.000+0800","linenum":"/Users/bigboss/code/go-gin-demo/cron/cron.go:20","msg":"Run models.CleanAllTag...","serviceName":"go-gin-demo"}
{"level":"info","time":"2021-12-22T09:56:22.000+0800","linenum":"/Users/bigboss/code/go-gin-demo/cron/cron.go:24","msg":"Run models.CleanAllArticle...","serviceName":"go-gin-demo"}
{"level":"info","time":"2021-12-22T09:56:22.000+0800","linenum":"/Users/bigboss/code/go-gin-demo/cron/cron.go:20","msg":"Run models.CleanAllTag...","serviceName":"go-gin-demo"}
{"level":"info","time":"2021-12-22T09:56:23.000+0800","linenum":"/Users/bigboss/code/go-gin-demo/cron/cron.go:24","msg":"Run models.CleanAllArticle...","serviceName":"go-gin-demo"}
{"level":"info","time":"2021-12-22T09:56:23.000+0800","linenum":"/Users/bigboss/code/go-gin-demo/cron/cron.go:20","msg":"Run models.CleanAllTag...","serviceName":"go-gin-demo"}
{"level":"info","time":"2021-12-22T09:56:24.001+0800","linenum":"/Users/bigboss/code/go-gin-demo/cron/cron.go:24","msg":"Run models.CleanAllArticle...","serviceName":"go-gin-demo"}
{"level":"info","time":"2021-12-22T09:56:24.001+0800","linenum":"/Users/bigboss/code/go-gin-demo/cron/cron.go:20","msg":"Run models.CleanAllTag...","serviceName":"go-gin-demo"}
{"level":"info","time":"2021-12-22T09:56:25.001+0800","linenum":"/Users/bigboss/code/go-gin-demo/cron/cron.go:20","msg":"Run models.CleanAllTag...","serviceName":"go-gin-demo"}
{"level":"info","time":"2021-12-22T09:56:25.001+0800","linenum":"/Users/bigboss/code/go-gin-demo/cron/cron.go:24","msg":"Run models.CleanAllArticle...","serviceName":"go-gin-demo"}
{"level":"info","time":"2021-12-22T09:56:26.000+0800","linenum":"/Users/bigboss/code/go-gin-demo/cron/cron.go:24","msg":"Run models.CleanAllArticle...","serviceName":"go-gin-demo"}
{"level":"info","time":"2021-12-22T09:56:26.000+0800","linenum":"/Users/bigboss/code/go-gin-demo/cron/cron.go:20","msg":"Run models.CleanAllTag...","serviceName":"go-gin-demo"}
{"level":"info","time":"2021-12-22T09:56:27.001+0800","linenum":"/Users/bigboss/code/go-gin-demo/cron/cron.go:24","msg":"Run models.CleanAllArticle...","serviceName":"go-gin-demo"}
{"level":"info","time":"2021-12-22T09:56:27.001+0800","linenum":"/Users/bigboss/code/go-gin-demo/cron/cron.go:20","msg":"Run models.CleanAllTag...","serviceName":"go-gin-demo"}
{"level":"info","time":"2021-12-22T09:56:28.000+0800","linenum":"/Users/bigboss/code/go-gin-demo/cron/cron.go:20","msg":"Run models.CleanAllTag...","serviceName":"go-gin-demo"}
{"level":"info","time":"2021-12-22T09:56:28.000+0800","linenum":"/Users/bigboss/code/go-gin-demo/cron/cron.go:24","msg":"Run models.CleanAllArticle...","serviceName":"go-gin-demo"}
{"level":"info","time":"2021-12-22T09:56:29.001+0800","linenum":"/Users/bigboss/code/go-gin-demo/cron/cron.go:24","msg":"Run models.CleanAllArticle...","serviceName":"go-gin-demo"}
{"level":"info","time":"2021-12-22T09:56:29.001+0800","linenum":"/Users/bigboss/code/go-gin-demo/cron/cron.go:20","msg":"Run models.CleanAllTag...","serviceName":"go-gin-demo"}
{"level":"info","time":"2021-12-22T09:56:30.000+0800","linenum":"/Users/bigboss/code/go-gin-demo/cron/cron.go:24","msg":"Run models.CleanAllArticle...","serviceName":"go-gin-demo"}
{"level":"info","time":"2021-12-22T09:56:30.000+0800","linenum":"/Users/bigboss/code/go-gin-demo/cron/cron.go:20","msg":"Run models.CleanAllTag...","serviceName":"go-gin-demo"}
{"level":"info","time":"2021-12-22T09:56:31.000+0800","linenum":"/Users/bigboss/code/go-gin-demo/cron/cron.go:24","msg":"Run models.CleanAllArticle...","serviceName":"go-gin-demo"}
{"level":"info","time":"2021-12-22T09:56:31.000+0800","linenum":"/Users/bigboss/code/go-gin-demo/cron/cron.go:20","msg":"Run models.CleanAllTag...","serviceName":"go-gin-demo"}
{"level":"info","time":"2021-12-22T09:56:32.001+0800","linenum":"/Users/bigboss/code/go-gin-demo/cron/cron.go:24","msg":"Run models.CleanAllArticle...","serviceName":"go-gin-demo"}
{"level":"info","time":"2021-12-22T09:56:32.001+0800","linenum":"/Users/bigboss/code/go-gin-demo/cron/cron.go:20","msg":"Run models.CleanAllTag...","serviceName":"go-gin-demo"}
{"level":"info","time":"2021-12-22T09:56:33.000+0800","linenum":"/Users/bigboss/code/go-gin-demo/cron/cron.go:20","msg":"Run models.CleanAllTag...","serviceName":"go-gin-demo"}
{"level":"info","time":"2021-12-22T09:56:33.000+0800","linenum":"/Users/bigboss/code/go-gin-demo/cron/cron.go:24","msg":"Run models.CleanAllArticle...","serviceName":"go-gin-demo"}
{"level":"info","time":"2021-12-22T09:56:34.000+0800","linenum":"/Users/bigboss/code/go-gin-demo/cron/cron.go:24","msg":"Run models.CleanAllArticle...","serviceName":"go-gin-demo"}
{"level":"info","time":"2021-12-22T09:56:34.000+0800","linenum":"/Users/bigboss/code/go-gin-demo/cron/cron.go:20","msg":"Run models.CleanAllTag...","serviceName":"go-gin-demo"}
{"level":"info","time":"2021-12-22T09:56:35.000+0800","linenum":"/Users/bigboss/code/go-gin-demo/cron/cron.go:20","msg":"Run models.CleanAllTag...","serviceName":"go-gin-demo"}
{"level":"info","time":"2021-12-22T09:56:35.000+0800","linenum":"/Users/bigboss/code/go-gin-demo/cron/cron.go:24","msg":"Run models.CleanAllArticle...","serviceName":"go-gin-demo"}
{"level":"info","time":"2021-12-22T09:56:36.000+0800","linenum":"/Users/bigboss/code/go-gin-demo/cron/cron.go:24","msg":"Run models.CleanAllArticle...","serviceName":"go-gin-demo"}
{"level":"info","time":"2021-12-22T09:56:36.000+0800","linenum":"/Users/bigboss/code/go-gin-demo/cron/cron.go:20","msg":"Run models.CleanAllTag...","serviceName":"go-gin-demo"}
{"level":"info","time":"2021-12-22T09:56:37.000+0800","linenum":"/Users/bigboss/code/go-gin-demo/cron/cron.go:24","msg":"Run models.CleanAllArticle...","serviceName":"go-gin-demo"}
{"level":"info","time":"2021-12-22T09:56:37.000+0800","linenum":"/Users/bigboss/code/go-gin-demo/cron/cron.go:20","msg":"Run models.CleanAllTag...","serviceName":"go-gin-demo"}
{"level":"info","time":"2021-12-22T09:56:38.001+0800","linenum":"/Users/bigboss/code/go-gin-demo/cron/cron.go:24","msg":"Run models.CleanAllArticle...","serviceName":"go-gin-demo"}
{"level":"info","time":"2021-12-22T09:56:38.001+0800","linenum":"/Users/bigboss/code/go-gin-demo/cron/cron.go:20","msg":"Run models.CleanAllTag...","serviceName":"go-gin-demo"}
{"level":"info","time":"2021-12-22T09:56:39.000+0800","linenum":"/Users/bigboss/code/go-gin-demo/cron/cron.go:20","msg":"Run models.CleanAllTag...","serviceName":"go-gin-demo"}
{"level":"info","time":"2021-12-22T09:56:39.000+0800","linenum":"/Users/bigboss/code/go-gin-demo/cron/cron.go:24","msg":"Run models.CleanAllArticle...","serviceName":"go-gin-demo"}
{"level":"info","time":"2021-12-22T09:56:40.001+0800","linenum":"/Users/bigboss/code/go-gin-demo/cron/cron.go:24","msg":"Run models.CleanAllArticle...","serviceName":"go-gin-demo"}
{"level":"info","time":"2021-12-22T09:56:40.001+0800","linenum":"/Users/bigboss/code/go-gin-demo/cron/cron.go:20","msg":"Run models.CleanAllTag...","serviceName":"go-gin-demo"}
{"level":"info","time":"2021-12-22T09:56:41.000+0800","linenum":"/Users/bigboss/code/go-gin-demo/cron/cron.go:24","msg":"Run models.CleanAllArticle...","serviceName":"go-gin-demo"}
{"level":"info","time":"2021-12-22T09:56:41.000+0800","linenum":"/Users/bigboss/code/go-gin-demo/cron/cron.go:20","msg":"Run models.CleanAllTag...","serviceName":"go-gin-demo"}
{"level":"info","time":"2021-12-22T09:56:42.000+0800","linenum":"/Users/bigboss/code/go-gin-demo/cron/cron.go:24","msg":"Run models.CleanAllArticle...","serviceName":"go-gin-demo"}
{"level":"info","time":"2021-12-22T09:56:42.000+0800","linenum":"/Users/bigboss/code/go-gin-demo/cron/cron.go:20","msg":"Run models.CleanAllTag...","serviceName":"go-gin-demo"}
{"level":"info","time":"2021-12-22T09:56:43.000+0800","linenum":"/Users/bigboss/code/go-gin-demo/cron/cron.go:20","msg":"Run models.CleanAllTag...","serviceName":"go-gin-demo"}
{"level":"info","time":"2021-12-22T09:56:43.000+0800","linenum":"/Users/bigboss/code/go-gin-demo/cron/cron.go:24","msg":"Run models.CleanAllArticle...","serviceName":"go-gin-demo"}
{"level":"info","time":"2021-12-22T09:56:44.000+0800","linenum":"/Users/bigboss/code/go-gin-demo/cron/cron.go:24","msg":"Run models.CleanAllArticle...","serviceName":"go-gin-demo"}
{"level":"info","time":"2021-12-22T09:56:44.000+0800","linenum":"/Users/bigboss/code/go-gin-demo/cron/cron.go:20","msg":"Run models.CleanAllTag...","serviceName":"go-gin-demo"}
{"level":"info","time":"2021-12-22T09:56:45.000+0800","linenum":"/Users/bigboss/code/go-gin-demo/cron/cron.go:24","msg":"Run models.CleanAllArticle...","serviceName":"go-gin-demo"}
{"level":"info","time":"2021-12-22T09:56:45.000+0800","linenum":"/Users/bigboss/code/go-gin-demo/cron/cron.go:20","msg":"Run models.CleanAllTag...","serviceName":"go-gin-demo"}
{"level":"info","time":"2021-12-22T09:56:46.000+0800","linenum":"/Users/bigboss/code/go-gin-demo/cron/cron.go:24","msg":"Run models.CleanAllArticle...","serviceName":"go-gin-demo"}
{"level":"info","time":"2021-12-22T09:56:46.000+0800","linenum":"/Users/bigboss/code/go-gin-demo/cron/cron.go:20","msg":"Run models.CleanAllTag...","serviceName":"go-gin-demo"}
{"level":"info","time":"2021-12-22T09:56:47.000+0800","linenum":"/Users/bigboss/code/go-gin-demo/cron/cron.go:20","msg":"Run models.CleanAllTag...","serviceName":"go-gin-demo"}
{"level":"info","time":"2021-12-22T09:56:47.000+0800","linenum":"/Users/bigboss/code/go-gin-demo/cron/cron.go:24","msg":"Run models.CleanAllArticle...","serviceName":"go-gin-demo"}
{"level":"info","time":"2021-12-22T09:56:48.000+0800","linenum":"/Users/bigboss/code/go-gin-demo/cron/cron.go:24","msg":"Run models.CleanAllArticle...","serviceName":"go-gin-demo"}
{"level":"info","time":"2021-12-22T09:56:48.000+0800","linenum":"/Users/bigboss/code/go-gin-demo/cron/cron.go:20","msg":"Run models.CleanAllTag...","serviceName":"go-gin-demo"}
{"level":"info","time":"2021-12-22T09:56:49.000+0800","linenum":"/Users/bigboss/code/go-gin-demo/cron/cron.go:24","msg":"Run models.CleanAllArticle...","serviceName":"go-gin-demo"}
{"level":"info","time":"2021-12-22T09:56:49.000+0800","linenum":"/Users/bigboss/code/go-gin-demo/cron/cron.go:20","msg":"Run models.CleanAllTag...","serviceName":"go-gin-demo"}
{"level":"info","time":"2021-12-22T09:56:50.001+0800","linenum":"/Users/bigboss/code/go-gin-demo/cron/cron.go:24","msg":"Run models.CleanAllArticle...","serviceName":"go-gin-demo"}
{"level":"info","time":"2021-12-22T09:56:50.003+0800","linenum":"/Users/bigboss/code/go-gin-demo/cron/cron.go:20","msg":"Run models.CleanAllTag...","serviceName":"go-gin-demo"}
{"level":"info","time":"2021-12-22T09:56:51.000+0800","linenum":"/Users/bigboss/code/go-gin-demo/cron/cron.go:24","msg":"Run models.CleanAllArticle...","serviceName":"go-gin-demo"}
{"level":"info","time":"2021-12-22T09:56:51.001+0800","linenum":"/Users/bigboss/code/go-gin-demo/cron/cron.go:20","msg":"Run models.CleanAllTag...","serviceName":"go-gin-demo"}
{"level":"info","time":"2021-12-22T09:56:52.016+0800","linenum":"/Users/bigboss/code/go-gin-demo/cron/cron.go:24","msg":"Run models.CleanAllArticle...","serviceName":"go-gin-demo"}
{"level":"info","time":"2021-12-22T09:56:52.023+0800","linenum":"/Users/bigboss/code/go-gin-demo/cron/cron.go:20","msg":"Run models.CleanAllTag...","serviceName":"go-gin-demo"}
{"level":"info","time":"2021-12-22T09:56:53.000+0800","linenum":"/Users/bigboss/code/go-gin-demo/cron/cron.go:24","msg":"Run models.CleanAllArticle...","serviceName":"go-gin-demo"}
{"level":"info","time":"2021-12-22T09:56:53.000+0800","linenum":"/Users/bigboss/code/go-gin-demo/cron/cron.go:20","msg":"Run models.CleanAllTag...","serviceName":"go-gin-demo"}
{"level":"info","time":"2021-12-22T09:56:54.000+0800","linenum":"/Users/bigboss/code/go-gin-demo/cron/cron.go:24","msg":"Run models.CleanAllArticle...","serviceName":"go-gin-demo"}
{"level":"info","time":"2021-12-22T09:56:54.000+0800","linenum":"/Users/bigboss/code/go-gin-demo/cron/cron.go:20","msg":"Run models.CleanAllTag...","serviceName":"go-gin-demo"}
{"level":"info","time":"2021-12-22T09:56:55.001+0800","linenum":"/Users/bigboss/code/go-gin-demo/cron/cron.go:24","msg":"Run models.CleanAllArticle...","serviceName":"go-gin-demo"}
{"level":"info","time":"2021-12-22T09:56:55.001+0800","linenum":"/Users/bigboss/code/go-gin-demo/cron/cron.go:20","msg":"Run models.CleanAllTag...","serviceName":"go-gin-demo"}
{"level":"info","time":"2021-12-22T09:56:56.015+0800","linenum":"/Users/bigboss/code/go-gin-demo/cron/cron.go:24","msg":"Run models.CleanAllArticle...","serviceName":"go-gin-demo"}
{"level":"info","time":"2021-12-22T09:56:56.019+0800","linenum":"/Users/bigboss/code/go-gin-demo/cron/cron.go:20","msg":"Run models.CleanAllTag...","serviceName":"go-gin-demo"}
{"level":"info","time":"2021-12-22T09:56:57.000+0800","linenum":"/Users/bigboss/code/go-gin-demo/cron/cron.go:20","msg":"Run models.CleanAllTag...","serviceName":"go-gin-demo"}
{"level":"info","time":"2021-12-22T09:56:57.000+0800","linenum":"/Users/bigboss/code/go-gin-demo/cron/cron.go:24","msg":"Run models.CleanAllArticle...","serviceName":"go-gin-demo"}
{"level":"info","time":"2021-12-22T09:56:58.000+0800","linenum":"/Users/bigboss/code/go-gin-demo/cron/cron.go:20","msg":"Run models.CleanAllTag...","serviceName":"go-gin-demo"}
{"level":"info","time":"2021-12-22T09:56:58.000+0800","linenum":"/Users/bigboss/code/go-gin-demo/cron/cron.go:24","msg":"Run models.CleanAllArticle...","serviceName":"go-gin-demo"}
{"level":"info","time":"2021-12-22T09:56:59.000+0800","linenum":"/Users/bigboss/code/go-gin-demo/cron/cron.go:20","msg":"Run models.CleanAllTag...","serviceName":"go-gin-demo"}
{"level":"info","time":"2021-12-22T09:56:59.000+0800","linenum":"/Users/bigboss/code/go-gin-demo/cron/cron.go:24","msg":"Run models.CleanAllArticle...","serviceName":"go-gin-demo"}
{"level":"info","time":"2021-12-22T09:57:00.000+0800","linenum":"/Users/bigboss/code/go-gin-demo/cron/cron.go:20","msg":"Run models.CleanAllTag...","serviceName":"go-gin-demo"}
{"level":"info","time":"2021-12-22T09:57:00.000+0800","linenum":"/Users/bigboss/code/go-gin-demo/cron/cron.go:24","msg":"Run models.CleanAllArticle...","serviceName":"go-gin-demo"}
{"level":"info","time":"2021-12-22T09:57:01.000+0800","linenum":"/Users/bigboss/code/go-gin-demo/cron/cron.go:24","msg":"Run models.CleanAllArticle...","serviceName":"go-gin-demo"}
{"level":"info","time":"2021-12-22T09:57:01.000+0800","linenum":"/Users/bigboss/code/go-gin-demo/cron/cron.go:20","msg":"Run models.CleanAllTag...","serviceName":"go-gin-demo"}
{"level":"info","time":"2021-12-22T09:57:02.003+0800","linenum":"/Users/bigboss/code/go-gin-demo/cron/cron.go:24","msg":"Run models.CleanAllArticle...","serviceName":"go-gin-demo"}
{"level":"info","time":"2021-12-22T09:57:02.004+0800","linenum":"/Users/bigboss/code/go-gin-demo/cron/cron.go:20","msg":"Run models.CleanAllTag...","serviceName":"go-gin-demo"}
{"level":"info","time":"2021-12-22T09:57:03.002+0800","linenum":"/Users/bigboss/code/go-gin-demo/cron/cron.go:24","msg":"Run models.CleanAllArticle...","serviceName":"go-gin-demo"}
{"level":"info","time":"2021-12-22T09:57:03.003+0800","linenum":"/Users/bigboss/code/go-gin-demo/cron/cron.go:20","msg":"Run models.CleanAllTag...","serviceName":"go-gin-demo"}
{"level":"info","time":"2021-12-22T09:57:04.000+0800","linenum":"/Users/bigboss/code/go-gin-demo/cron/cron.go:20","msg":"Run models.CleanAllTag...","serviceName":"go-gin-demo"}
{"level":"info","time":"2021-12-22T09:57:04.001+0800","linenum":"/Users/bigboss/code/go-gin-demo/cron/cron.go:24","msg":"Run models.CleanAllArticle...","serviceName":"go-gin-demo"}
{"level":"info","time":"2021-12-22T09:57:05.000+0800","linenum":"/Users/bigboss/code/go-gin-demo/cron/cron.go:20","msg":"Run models.CleanAllTag...","serviceName":"go-gin-demo"}
{"level":"info","time":"2021-12-22T09:57:05.000+0800","linenum":"/Users/bigboss/code/go-gin-demo/cron/cron.go:24","msg":"Run models.CleanAllArticle...","serviceName":"go-gin-demo"}
{"level":"info","time":"2021-12-22T09:57:06.000+0800","linenum":"/Users/bigboss/code/go-gin-demo/cron/cron.go:24","msg":"Run models.CleanAllArticle...","serviceName":"go-gin-demo"}
{"level":"info","time":"2021-12-22T09:57:06.001+0800","linenum":"/Users/bigboss/code/go-gin-demo/cron/cron.go:20","msg":"Run models.CleanAllTag...","serviceName":"go-gin-demo"}
{"level":"info","time":"2021-12-22T09:57:07.000+0800","linenum":"/Users/bigboss/code/go-gin-demo/cron/cron.go:24","msg":"Run models.CleanAllArticle...","serviceName":"go-gin-demo"}
{"level":"info","time":"2021-12-22T09:57:07.000+0800","linenum":"/Users/bigboss/code/go-gin-demo/cron/cron.go:20","msg":"Run models.CleanAllTag...","serviceName":"go-gin-demo"}
{"level":"info","time":"2021-12-22T09:57:08.001+0800","linenum":"/Users/bigboss/code/go-gin-demo/cron/cron.go:24","msg":"Run models.CleanAllArticle...","serviceName":"go-gin-demo"}
{"level":"info","time":"2021-12-22T09:57:08.001+0800","linenum":"/Users/bigboss/code/go-gin-demo/cron/cron.go:20","msg":"Run models.CleanAllTag...","serviceName":"go-gin-demo"}
{"level":"info","time":"2021-12-22T09:57:13.775+0800","linenum":"/Users/bigboss/code/go-gin-demo/main.go:49","msg":"start http server listening.","serviceName":"go-gin-demo","endPoint":":8000"}
{"level":"info","time":"2021-12-22T10:43:49.513+0800","linenum":"/Users/bigboss/code/go-gin-demo/main.go:60","msg":"Shutdown Server ...","serviceName":"go-gin-demo"}
{"level":"info","time":"2021-12-22T10:43:49.568+0800","linenum":"/Users/bigboss/code/go-gin-demo/main.go:70","msg":"Server exiting","serviceName":"go-gin-demo"}
{"level":"info","time":"2021-12-22T10:43:57.382+0800","linenum":"/Users/bigboss/code/go-gin-demo/main.go:50","msg":"start http server listening.","serviceName":"go-gin-demo","endPoint":":8000"}
{"level":"info","time":"2021-12-22T10:46:17.042+0800","linenum":"/Users/bigboss/code/go-gin-demo/main.go:50","msg":"start http server listening.","serviceName":"go-gin-demo","endPoint":":8000"}
{"level":"info","time":"2021-12-22T10:57:08.744+0800","linenum":"/Users/bigboss/code/go-gin-demo/test.go:50","msg":"start http server listening.","serviceName":"go-gin-demo","endPoint":":8000"}
